<?xml version="1.0" encoding="UTF-8"?>
<!-- Generated by org.testng.reporters.JUnitReportReporter -->
<testsuite hostname="DESKTOP-1B17E07" failures="0" tests="2" name="TestNG_Examples.TestNg_Ex3" time="0.014" errors="0" timestamp="2024-04-05T08:05:36 IST" skipped="0">
  <testcase classname="TestNG_Examples.TestNg_Ex3" name="test2" time="0.005"/>
  <testcase classname="TestNG_Examples.TestNg_Ex3" name="test" time="0.009"/>
</testsuite> <!-- TestNG_Examples.TestNg_Ex3 -->
