<?xml version="1.0" encoding="UTF-8"?>
<!-- Generated by org.testng.reporters.JUnitReportReporter -->
<testsuite hostname="DESKTOP-1B17E07" failures="0" tests="2" name="TestNG_Examples.Login_Functionality" time="8.651" errors="0" timestamp="2024-04-05T08:27:43 IST" skipped="0">
  <testcase classname="TestNG_Examples.Login_Functionality" name="login" time="8.640"/>
  <testcase classname="TestNG_Examples.Login_Functionality" name="verifytitle" time="0.011"/>
</testsuite> <!-- TestNG_Examples.Login_Functionality -->
