<?xml version="1.0" encoding="UTF-8"?>
<!-- Generated by org.testng.reporters.JUnitReportReporter -->
<testsuite hostname="DESKTOP-1B17E07" failures="0" tests="1" name="POM.LoginTest" time="13.983" errors="0" timestamp="2024-04-09T08:21:02 IST" skipped="0">
  <testcase classname="POM.LoginTest" name="login" time="13.983"/>
</testsuite> <!-- POM.LoginTest -->
