<?xml version="1.0" encoding="UTF-8"?>
<!-- Generated by org.testng.reporters.JUnitReportReporter -->
<testsuite hostname="DESKTOP-1B17E07" failures="0" tests="1" name="TestNG_Examples.TestNg_EX5" time="0.004" errors="0" timestamp="2024-04-05T08:05:36 IST" skipped="0">
  <testcase classname="TestNG_Examples.TestNg_EX5" name="m" time="0.004"/>
</testsuite> <!-- TestNG_Examples.TestNg_EX5 -->
