<?xml version="1.0" encoding="UTF-8"?>
<!-- Generated by org.testng.reporters.JUnitReportReporter -->
<testsuite hostname="DESKTOP-1B17E07" failures="0" tests="2" name="TestNG_Examples.Testng_ex4" time="0.007" errors="0" timestamp="2024-04-05T08:05:36 IST" skipped="0">
  <testcase classname="TestNG_Examples.Testng_ex4" name="test2" time="0.003"/>
  <testcase classname="TestNG_Examples.Testng_ex4" name="test" time="0.004"/>
</testsuite> <!-- TestNG_Examples.Testng_ex4 -->
