<?xml version="1.0" encoding="UTF-8"?>
<!-- Generated by org.testng.reporters.JUnitReportReporter -->
<testsuite hostname="DESKTOP-1B17E07" failures="0" tests="1" name="Data_Driven_framework.Login_Functionality" time="11.786" errors="0" timestamp="2024-04-09T07:48:43 IST" skipped="0">
  <testcase classname="Data_Driven_framework.Login_Functionality" name="login" time="11.786"/>
</testsuite> <!-- Data_Driven_framework.Login_Functionality -->
