<?xml version="1.0" encoding="UTF-8"?>
<!-- Generated by org.testng.reporters.JUnitReportReporter -->
<testsuite hostname="DESKTOP-1B17E07" failures="0" tests="3" name="TestNG_Examples.TestNG_ex6" time="0.012" errors="0" timestamp="2024-04-05T08:22:23 IST" skipped="1">
  <testcase classname="TestNG_Examples.TestNG_ex6" name="test2" time="0.003"/>
  <testcase classname="TestNG_Examples.TestNG_ex6" name="test3" time="0.009"/>
  <testcase classname="TestNG_Examples.TestNG_ex6" name="test">
    <skipped/>
  </testcase> <!-- test -->
</testsuite> <!-- TestNG_Examples.TestNG_ex6 -->
